#
# There is insufficient memory for the Java Runtime Environment to continue.
# Native memory allocation (mmap) failed to map 2147483648 bytes for Failed to commit area from 0x0000000082000000 to 0x0000000102000000 of length 2147483648.
# Possible reasons:
#   The system is out of physical RAM or swap space
#   The process is running with CompressedOops enabled, and the Java Heap may be blocking the growth of the native heap
# Possible solutions:
#   Reduce memory load on the system
#   Increase physical memory or swap space
#   Check if swap backing store is full
#   Decrease Java heap size (-Xmx/-Xms)
#   Decrease number of Java threads
#   Decrease Java thread stack sizes (-Xss)
#   Set larger code cache with -XX:ReservedCodeCacheSize=
# This output file may be truncated or incomplete.
#
#  Out of Memory Error (./src/hotspot/os/windows/os_windows.cpp:3303), pid=9848, tid=10708
#
# JRE version:  (11.0.9.1+11) (build )
# Java VM: OpenJDK 64-Bit Server VM (11.0.9.1+11-b1145.77, mixed mode, sharing, tiered, compressed oops, g1 gc, windows-amd64)
# No core dump will be written. Minidumps are not enabled by default on client versions of Windows
#

---------------  S U M M A R Y ------------

Command Line: org.jetbrains.git4idea.http.GitAskPassApp Username for 'https://github.com': 

Host: AMD Ryzen 9 5950X 16-Core Processor            , 32 cores, 127G,  Windows 10 , 64 bit Build 19041 (10.0.19041.804)
Time: Sat Mar 13 20:22:36 2021 Eastern Standard Time elapsed time: 0.015881 seconds (0d 0h 0m 0s)

---------------  T H R E A D  ---------------

Current thread (0x000001cdf916a000):  JavaThread "Unknown thread" [_thread_in_vm, id=10708, stack(0x0000000c9df00000,0x0000000c9e000000)]

Stack: [0x0000000c9df00000,0x0000000c9e000000]
Native frames: (J=compiled Java code, j=interpreted, Vv=VM code, C=native code)
V  [jvm.dll+0x5edd9a]
V  [jvm.dll+0x7229c5]
V  [jvm.dll+0x723f1d]
V  [jvm.dll+0x7245d3]
V  [jvm.dll+0x2431b8]
V  [jvm.dll+0x5eb234]
V  [jvm.dll+0x5e0325]
V  [jvm.dll+0x2fe60b]
V  [jvm.dll+0x2fe57a]
V  [jvm.dll+0x2fe452]
V  [jvm.dll+0x303346]
V  [jvm.dll+0x34ba83]
V  [jvm.dll+0x34c186]
V  [jvm.dll+0x34bb83]
V  [jvm.dll+0x2d9218]
V  [jvm.dll+0x2da3c7]
V  [jvm.dll+0x701a67]
V  [jvm.dll+0x70325c]
V  [jvm.dll+0x359049]
V  [jvm.dll+0x6e552e]
V  [jvm.dll+0x3c1353]
V  [jvm.dll+0x3c3571]
C  [jli.dll+0x5373]
C  [ucrtbase.dll+0x21bb2]
C  [KERNEL32.DLL+0x17034]
C  [ntdll.dll+0x52651]


---------------  P R O C E S S  ---------------

Threads class SMR info:
_java_thread_list=0x000001cdf7731640, length=0, elements={
}

Java Threads: ( => current thread )

Other Threads:
  0x000001cdf9186800 GCTaskThread "GC Thread#0" [stack: 0x0000000c9e000000,0x0000000c9e100000] [id=18964]
  0x000001cdf91f2000 ConcurrentGCThread "G1 Main Marker" [stack: 0x0000000c9e100000,0x0000000c9e200000] [id=18472]
  0x000001cdf91f3800 ConcurrentGCThread "G1 Conc#0" [stack: 0x0000000c9e200000,0x0000000c9e300000] [id=12580]

[error occurred during error reporting (printing all threads), id 0xc0000005, EXCEPTION_ACCESS_VIOLATION (0xc0000005) at pc=0x00007fff5f109807]

VM state:not at safepoint (not fully initialized)

VM Mutex/Monitor currently owned by a thread:  ([mutex/lock_event])
[0x000001cdf9166ce0] Heap_lock - owner thread: 0x000001cdf916a000

Heap address: 0x0000000082000000, size: 30688 MB, Compressed Oops mode: Non-zero based: 0x0000000082000000
Narrow klass base: 0x0000000000000000, Narrow klass shift: 0

GC Heap History (0 events):
No events

Deoptimization events (0 events):
No events

Classes redefined (0 events):
No events

Internal exceptions (0 events):
No events

Events (1 events):
Event: 0.004 Loaded shared library C:\Program Files\JetBrains\PyCharm 2020.3.3\jbr\bin\zip.dll


Dynamic libraries:
0x00007ff6e0120000 - 0x00007ff6e012a000 	C:\Program Files\JetBrains\PyCharm 2020.3.3\jbr\bin\java.exe
0x00007fffb6430000 - 0x00007fffb6625000 	C:\Windows\SYSTEM32\ntdll.dll
0x00007fffb5800000 - 0x00007fffb58bd000 	C:\Windows\System32\KERNEL32.DLL
0x00007fffb3f00000 - 0x00007fffb41c9000 	C:\Windows\System32\KERNELBASE.dll
0x00007fffb3bc0000 - 0x00007fffb3cc0000 	C:\Windows\System32\ucrtbase.dll
0x00007fffa5010000 - 0x00007fffa5029000 	C:\Program Files\JetBrains\PyCharm 2020.3.3\jbr\bin\jli.dll
0x00007fffa42b0000 - 0x00007fffa42c7000 	C:\Program Files\JetBrains\PyCharm 2020.3.3\jbr\bin\VCRUNTIME140.dll
0x00007fffb4760000 - 0x00007fffb4900000 	C:\Windows\System32\USER32.dll
0x00007fffb3cc0000 - 0x00007fffb3ce2000 	C:\Windows\System32\win32u.dll
0x00007fffa6190000 - 0x00007fffa642a000 	C:\Windows\WinSxS\amd64_microsoft.windows.common-controls_6595b64144ccf1df_6.0.19041.844_none_ca00b6081b84eb1d\COMCTL32.dll
0x00007fffb55e0000 - 0x00007fffb560a000 	C:\Windows\System32\GDI32.dll
0x00007fffb5350000 - 0x00007fffb53ee000 	C:\Windows\System32\msvcrt.dll
0x00007fffb4250000 - 0x00007fffb435b000 	C:\Windows\System32\gdi32full.dll
0x00007fffb43c0000 - 0x00007fffb445d000 	C:\Windows\System32\msvcp_win.dll
0x00007fffb4730000 - 0x00007fffb4760000 	C:\Windows\System32\IMM32.DLL
0x00007fff7fa90000 - 0x00007fff7fb2d000 	C:\Program Files\JetBrains\PyCharm 2020.3.3\jbr\bin\msvcp140.dll
0x00007fff5ee20000 - 0x00007fff5f8ee000 	C:\Program Files\JetBrains\PyCharm 2020.3.3\jbr\bin\server\jvm.dll
0x00007fffb5750000 - 0x00007fffb57fc000 	C:\Windows\System32\ADVAPI32.dll
0x00007fffb5540000 - 0x00007fffb55dc000 	C:\Windows\System32\sechost.dll
0x00007fffb4560000 - 0x00007fffb468b000 	C:\Windows\System32\RPCRT4.dll
0x00007fffb5610000 - 0x00007fffb5618000 	C:\Windows\System32\PSAPI.DLL
0x00007fffa9bf0000 - 0x00007fffa9bf9000 	C:\Windows\SYSTEM32\WSOCK32.dll
0x00007fffa55e0000 - 0x00007fffa5607000 	C:\Windows\SYSTEM32\WINMM.dll
0x00007fffaedf0000 - 0x00007fffaedfa000 	C:\Windows\SYSTEM32\VERSION.dll
0x00007fffb54d0000 - 0x00007fffb553b000 	C:\Windows\System32\WS2_32.dll
0x00007fffb1af0000 - 0x00007fffb1b02000 	C:\Windows\SYSTEM32\kernel.appcore.dll
0x00007fffa9bd0000 - 0x00007fffa9be1000 	C:\Program Files\JetBrains\PyCharm 2020.3.3\jbr\bin\verify.dll
0x00007fffae230000 - 0x00007fffae414000 	C:\Windows\SYSTEM32\DBGHELP.DLL
0x00007fffadf40000 - 0x00007fffadf6c000 	C:\Windows\SYSTEM32\dbgcore.DLL
0x00007fffb41d0000 - 0x00007fffb4250000 	C:\Windows\System32\bcryptPrimitives.dll
0x00007fffa9ba0000 - 0x00007fffa9bc9000 	C:\Program Files\JetBrains\PyCharm 2020.3.3\jbr\bin\java.dll
0x00007fffa9b90000 - 0x00007fffa9b9b000 	C:\Program Files\JetBrains\PyCharm 2020.3.3\jbr\bin\jimage.dll
0x00007fffa9b70000 - 0x00007fffa9b88000 	C:\Program Files\JetBrains\PyCharm 2020.3.3\jbr\bin\zip.dll

dbghelp: loaded successfully - version: 4.0.5 - missing functions: none
symbol engine: initialized successfully - sym options: 0x614 - pdb path: .;C:\Program Files\JetBrains\PyCharm 2020.3.3\jbr\bin;C:\Windows\SYSTEM32;C:\Windows\WinSxS\amd64_microsoft.windows.common-controls_6595b64144ccf1df_6.0.19041.844_none_ca00b6081b84eb1d;C:\Program Files\JetBrains\PyCharm 2020.3.3\jbr\bin\server

VM Arguments:
java_command: org.jetbrains.git4idea.http.GitAskPassApp Username for 'https://github.com': 
java_class_path (initial): C:/Program Files/JetBrains/PyCharm 2020.3.3/plugins/git4idea/lib/git4idea-rt.jar;C:/Program Files/JetBrains/PyCharm 2020.3.3/lib/xmlrpc-2.0.1.jar;C:/Program Files/JetBrains/PyCharm 2020.3.3/lib/commons-codec-1.14.jar
Launcher Type: SUN_STANDARD

[Global flags]
     intx CICompilerCount                          = 15                                        {product} {ergonomic}
     uint ConcGCThreads                            = 6                                         {product} {ergonomic}
     uint G1ConcRefinementThreads                  = 23                                        {product} {ergonomic}
   size_t G1HeapRegionSize                         = 4194304                                   {product} {ergonomic}
    uintx GCDrainStackTargetSize                   = 64                                        {product} {ergonomic}
   size_t InitialHeapSize                          = 2147483648                                {product} {ergonomic}
   size_t MarkStackSize                            = 4194304                                   {product} {ergonomic}
   size_t MaxHeapSize                              = 32178700288                               {product} {ergonomic}
   size_t MinHeapDeltaBytes                        = 4194304                                   {product} {ergonomic}
    uintx NonNMethodCodeHeapSize                   = 8182140                                {pd product} {ergonomic}
    uintx NonProfiledCodeHeapSize                  = 121738050                              {pd product} {ergonomic}
    uintx ProfiledCodeHeapSize                     = 121738050                              {pd product} {ergonomic}
    uintx ReservedCodeCacheSize                    = 251658240                              {pd product} {ergonomic}
     bool SegmentedCodeCache                       = true                                      {product} {ergonomic}
     bool UseCompressedClassPointers               = true                                 {lp64_product} {ergonomic}
     bool UseCompressedOops                        = true                                 {lp64_product} {ergonomic}
     bool UseG1GC                                  = true                                      {product} {ergonomic}
     bool UseLargePagesIndividualAllocation        = false                                  {pd product} {ergonomic}

Logging:
Log output configuration:
 #0: stdout all=warning uptime,level,tags
 #1: stderr all=off uptime,level,tags

Environment Variables:
PATH=C:\Program Files\Git\mingw64\libexec\git-core;C:\Program Files\Git\mingw64\libexec\git-core;C:\Program Files\Git\mingw64\bin;C:\Program Files\Git\usr\bin;C:\Users\Zongyue\bin;C:\Program Files (x86)\Common Files\Intel\Shared Libraries\redist\intel64_win\compiler;C:\Windows\system32;C:\Windows;C:\Windows\System32\Wbem;C:\Windows\System32\WindowsPowerShell\v1.0;C:\Windows\System32\OpenSSH;C:\Program Files\Git\cmd;C:\PROGRA~1\MATLAB\R2020b\bin;C:\Program Files\MATLAB\R2020b\bin;C:\Program Files (x86)\NVIDIA Corporation\PhysX\Common;C:\Program Files\NVIDIA Corporation\NVIDIA NvDLISR;C:\Users\Zongyue\AppData\Local\Microsoft\WindowsApps;C:\Users\Zongyue\AppData\Local\Programs\Microsoft VS Code\bin;C:\Users\Zongyue\anaconda3\condabin
USERNAME=Zongyue
DISPLAY=:0.0
LC_ALL=en_US.UTF-8
OS=Windows_NT
PROCESSOR_IDENTIFIER=AMD64 Family 25 Model 33 Stepping 0, AuthenticAMD



---------------  S Y S T E M  ---------------

OS: Windows 10 , 64 bit Build 19041 (10.0.19041.804)
OS uptime: 2 days 17:41 hours

CPU:total 32 (initial active 32) (32 cores per cpu, 2 threads per core) family 25 model 33 stepping 0, cmov, cx8, fxsr, mmx, sse, sse2, sse3, ssse3, sse4.1, sse4.2, popcnt, avx, avx2, aes, clmul, erms, mmxext, 3dnowpref, lzcnt, sse4a, ht, tsc, tscinvbit, tscinv, bmi1, bmi2, adx, sha, fma

Memory: 4k page, system-wide physical 130984M (65386M free)
TotalPageFile size 134834M (AvailPageFile size 268M)
current process WorkingSet (physical memory assigned to process): 11M, peak: 11M
current process commit charge ("private bytes"): 95M, peak: 2143M

vm_info: OpenJDK 64-Bit Server VM (11.0.9.1+11-b1145.77) for windows-amd64 JRE (11.0.9.1+11-b1145.77), built on Jan 16 2021 05:14:13 by "" with MS VC++ 14.0 (VS2015)

END.
